<?xml version="1.0" encoding="UTF-8"?>
<coverage generated="1774819794390" clover="3.2.0">
  <project timestamp="1774819794390" name="All files">
    <metrics statements="108" coveredstatements="108" conditionals="62" coveredconditionals="61" methods="16" coveredmethods="16" elements="186" coveredelements="185" complexity="0" loc="108" ncloc="108" packages="1" files="1" classes="1"/>
    <file name="polynomial.ts" path="/Users/ayoubelmoutaouakkil/Documents/dev_activities/Polynomial Curve Fitting Tool/src/polynomial.ts">
      <metrics statements="108" coveredstatements="108" conditionals="62" coveredconditionals="61" methods="16" coveredmethods="16"/>
      <line num="26" count="58" type="stmt"/>
      <line num="27" count="14" type="stmt"/>
      <line num="29" count="14" type="stmt"/>
      <line num="30" count="103" type="stmt"/>
      <line num="31" count="58" type="cond" truecount="1" falsecount="1"/>
      <line num="34" count="58" type="stmt"/>
      <line num="35" count="58" type="stmt"/>
      <line num="36" count="58" type="stmt"/>
      <line num="38" count="58" type="cond" truecount="3" falsecount="0"/>
      <line num="42" count="58" type="cond" truecount="2" falsecount="0"/>
      <line num="44" count="58" type="cond" truecount="4" falsecount="0"/>
      <line num="45" count="29" type="cond" truecount="2" falsecount="0"/>
      <line num="48" count="58" type="stmt"/>
      <line num="49" count="58" type="stmt"/>
      <line num="50" count="58" type="cond" truecount="2" falsecount="0"/>
      <line num="56" count="14" type="cond" truecount="2" falsecount="0"/>
      <line num="57" count="13" type="cond" truecount="2" falsecount="0"/>
      <line num="58" count="12" type="stmt"/>
      <line num="66" count="68" type="stmt"/>
      <line num="69" count="128" type="stmt"/>
      <line num="71" count="68" type="stmt"/>
      <line num="72" count="68" type="stmt"/>
      <line num="74" count="68" type="stmt"/>
      <line num="75" count="221" type="stmt"/>
      <line num="76" count="127" type="cond" truecount="2" falsecount="0"/>
      <line num="78" count="94" type="stmt"/>
      <line num="79" count="94" type="stmt"/>
      <line num="81" count="94" type="cond" truecount="4" falsecount="0"/>
      <line num="82" count="88" type="stmt"/>
      <line num="83" count="88" type="stmt"/>
      <line num="86" count="68" type="cond" truecount="2" falsecount="0"/>
      <line num="87" count="5" type="stmt"/>
      <line num="90" count="63" type="stmt"/>
      <line num="101" count="37" type="cond" truecount="2" falsecount="0"/>
      <line num="102" count="36" type="cond" truecount="2" falsecount="0"/>
      <line num="103" count="1" type="stmt"/>
      <line num="108" count="35" type="stmt"/>
      <line num="109" count="35" type="stmt"/>
      <line num="112" count="35" type="stmt"/>
      <line num="113" count="1066" type="stmt"/>
      <line num="117" count="134" type="stmt"/>
      <line num="118" count="35" type="stmt"/>
      <line num="120" count="35" type="stmt"/>
      <line num="121" count="253" type="stmt"/>
      <line num="122" count="1066" type="stmt"/>
      <line num="123" count="1066" type="stmt"/>
      <line num="124" count="5652" type="stmt"/>
      <line num="130" count="35" type="stmt"/>
      <line num="133" count="244" type="stmt"/>
      <line num="134" count="35" type="stmt"/>
      <line num="135" count="35" type="stmt"/>
      <line num="136" count="35" type="stmt"/>
      <line num="137" count="1040" type="stmt"/>
      <line num="138" count="244" type="stmt"/>
      <line num="139" count="244" type="stmt"/>
      <line num="141" count="244" type="cond" truecount="2" falsecount="0"/>
      <line num="143" count="37" type="stmt"/>
      <line num="156" count="35" type="stmt"/>
      <line num="158" count="134" type="stmt"/>
      <line num="160" count="35" type="stmt"/>
      <line num="162" count="132" type="stmt"/>
      <line num="163" count="132" type="stmt"/>
      <line num="164" count="261" type="cond" truecount="2" falsecount="0"/>
      <line num="166" count="132" type="stmt"/>
      <line num="168" count="132" type="cond" truecount="2" falsecount="0"/>
      <line num="169" count="2" type="stmt"/>
      <line num="175" count="130" type="stmt"/>
      <line num="176" count="259" type="stmt"/>
      <line num="177" count="259" type="stmt"/>
      <line num="178" count="1509" type="stmt"/>
      <line num="184" count="33" type="stmt"/>
      <line num="185" count="33" type="stmt"/>
      <line num="186" count="128" type="stmt"/>
      <line num="187" count="128" type="stmt"/>
      <line num="188" count="255" type="stmt"/>
      <line num="190" count="128" type="stmt"/>
      <line num="192" count="33" type="stmt"/>
      <line num="201" count="8" type="stmt"/>
      <line num="202" count="8" type="stmt"/>
      <line num="203" count="8" type="cond" truecount="2" falsecount="0"/>
      <line num="205" count="7" type="stmt"/>
      <line num="206" count="7" type="stmt"/>
      <line num="208" count="7" type="stmt"/>
      <line num="209" count="26" type="stmt"/>
      <line num="210" count="26" type="stmt"/>
      <line num="211" count="26" type="stmt"/>
      <line num="213" count="26" type="stmt"/>
      <line num="214" count="26" type="cond" truecount="2" falsecount="0"/>
      <line num="215" count="10" type="stmt"/>
      <line num="216" count="10" type="stmt"/>
      <line num="219" count="1" type="stmt"/>
      <line num="222" count="7" type="stmt"/>
      <line num="230" count="49" type="stmt"/>
      <line num="232" count="49" type="stmt"/>
      <line num="233" count="166" type="stmt"/>
      <line num="234" count="166" type="cond" truecount="2" falsecount="0"/>
      <line num="236" count="92" type="stmt"/>
      <line num="237" count="92" type="cond" truecount="2" falsecount="0"/>
      <line num="238" count="166" type="cond" truecount="2" falsecount="0"/>
      <line num="241" count="166" type="cond" truecount="2" falsecount="0"/>
      <line num="242" count="38" type="stmt"/>
      <line num="243" count="54" type="cond" truecount="2" falsecount="0"/>
      <line num="244" count="30" type="cond" truecount="2" falsecount="0"/>
      <line num="246" count="24" type="cond" truecount="2" falsecount="0"/>
      <line num="249" count="92" type="cond" truecount="2" falsecount="0"/>
      <line num="250" count="46" type="cond" truecount="2" falsecount="0"/>
      <line num="252" count="46" type="stmt"/>
      <line num="256" count="49" type="cond" truecount="2" falsecount="0"/>
    </file>
  </project>
</coverage>
