{"/Users/ayoubelmoutaouakkil/Documents/dev_activities/Polynomial Curve Fitting Tool/src/polynomial.ts": {"path":"/Users/ayoubelmoutaouakkil/Documents/dev_activities/Polynomial Curve Fitting Tool/src/polynomial.ts","statementMap":{"0":{"start":{"line":26,"column":19},"end":{"line":26,"column":79}},"1":{"start":{"line":26,"column":54},"end":{"line":26,"column":62}},"2":{"start":{"line":27,"column":34},"end":{"line":27,"column":36}},"3":{"start":{"line":29,"column":2},"end":{"line":51,"column":null}},"4":{"start":{"line":30,"column":18},"end":{"line":30,"column":64}},"5":{"start":{"line":30,"column":55},"end":{"line":30,"column":63}},"6":{"start":{"line":31,"column":4},"end":{"line":31,"column":null}},"7":{"start":{"line":31,"column":23},"end":{"line":31,"column":null}},"8":{"start":{"line":34,"column":15},"end":{"line":34,"column":null}},"9":{"start":{"line":35,"column":18},"end":{"line":35,"column":33}},"10":{"start":{"line":36,"column":23},"end":{"line":36,"column":42}},"11":{"start":{"line":38,"column":6},"end":{"line":40,"column":39}},"12":{"start":{"line":42,"column":6},"end":{"line":42,"column":57}},"13":{"start":{"line":44,"column":4},"end":{"line":45,"column":null}},"14":{"start":{"line":45,"column":6},"end":{"line":45,"column":null}},"15":{"start":{"line":48,"column":4},"end":{"line":51,"column":null}},"16":{"start":{"line":49,"column":23},"end":{"line":49,"column":40}},"17":{"start":{"line":50,"column":6},"end":{"line":50,"column":null}},"18":{"start":{"line":50,"column":24},"end":{"line":50,"column":null}},"19":{"start":{"line":56,"column":2},"end":{"line":56,"column":null}},"20":{"start":{"line":56,"column":23},"end":{"line":56,"column":null}},"21":{"start":{"line":57,"column":2},"end":{"line":57,"column":null}},"22":{"start":{"line":57,"column":27},"end":{"line":57,"column":null}},"23":{"start":{"line":58,"column":2},"end":{"line":58,"column":null}},"24":{"start":{"line":66,"column":16},"end":{"line":69,"column":35}},"25":{"start":{"line":69,"column":19},"end":{"line":69,"column":35}},"26":{"start":{"line":71,"column":22},"end":{"line":71,"column":24}},"27":{"start":{"line":72,"column":22},"end":{"line":72,"column":24}},"28":{"start":{"line":74,"column":2},"end":{"line":83,"column":null}},"29":{"start":{"line":75,"column":18},"end":{"line":75,"column":57}},"30":{"start":{"line":75,"column":48},"end":{"line":75,"column":56}},"31":{"start":{"line":76,"column":4},"end":{"line":76,"column":null}},"32":{"start":{"line":76,"column":26},"end":{"line":76,"column":null}},"33":{"start":{"line":78,"column":17},"end":{"line":78,"column":37}},"34":{"start":{"line":79,"column":17},"end":{"line":79,"column":37}},"35":{"start":{"line":81,"column":4},"end":{"line":81,"column":null}},"36":{"start":{"line":81,"column":36},"end":{"line":81,"column":null}},"37":{"start":{"line":82,"column":4},"end":{"line":82,"column":null}},"38":{"start":{"line":83,"column":4},"end":{"line":83,"column":null}},"39":{"start":{"line":86,"column":2},"end":{"line":87,"column":null}},"40":{"start":{"line":87,"column":4},"end":{"line":87,"column":null}},"41":{"start":{"line":90,"column":2},"end":{"line":90,"column":null}},"42":{"start":{"line":101,"column":2},"end":{"line":101,"column":null}},"43":{"start":{"line":101,"column":29},"end":{"line":101,"column":null}},"44":{"start":{"line":102,"column":2},"end":{"line":105,"column":null}},"45":{"start":{"line":103,"column":4},"end":{"line":105,"column":null}},"46":{"start":{"line":108,"column":12},"end":{"line":108,"column":null}},"47":{"start":{"line":109,"column":12},"end":{"line":109,"column":null}},"48":{"start":{"line":112,"column":24},"end":{"line":113,"column":null}},"49":{"start":{"line":113,"column":4},"end":{"line":113,"column":56}},"50":{"start":{"line":113,"column":40},"end":{"line":113,"column":55}},"51":{"start":{"line":117,"column":26},"end":{"line":117,"column":87}},"52":{"start":{"line":117,"column":58},"end":{"line":117,"column":86}},"53":{"start":{"line":118,"column":24},"end":{"line":118,"column":52}},"54":{"start":{"line":120,"column":2},"end":{"line":124,"column":null}},"55":{"start":{"line":120,"column":15},"end":{"line":120,"column":18}},"56":{"start":{"line":121,"column":4},"end":{"line":124,"column":null}},"57":{"start":{"line":121,"column":17},"end":{"line":121,"column":20}},"58":{"start":{"line":122,"column":6},"end":{"line":122,"column":null}},"59":{"start":{"line":123,"column":6},"end":{"line":124,"column":null}},"60":{"start":{"line":123,"column":19},"end":{"line":123,"column":22}},"61":{"start":{"line":124,"column":8},"end":{"line":124,"column":null}},"62":{"start":{"line":130,"column":23},"end":{"line":130,"column":52}},"63":{"start":{"line":133,"column":16},"end":{"line":133,"column":null}},"64":{"start":{"line":133,"column":35},"end":{"line":133,"column":42}},"65":{"start":{"line":134,"column":14},"end":{"line":134,"column":null}},"66":{"start":{"line":135,"column":14},"end":{"line":135,"column":null}},"67":{"start":{"line":136,"column":2},"end":{"line":139,"column":null}},"68":{"start":{"line":136,"column":15},"end":{"line":136,"column":18}},"69":{"start":{"line":137,"column":18},"end":{"line":137,"column":80}},"70":{"start":{"line":137,"column":51},"end":{"line":137,"column":76}},"71":{"start":{"line":138,"column":4},"end":{"line":138,"column":null}},"72":{"start":{"line":139,"column":4},"end":{"line":139,"column":null}},"73":{"start":{"line":141,"column":13},"end":{"line":141,"column":null}},"74":{"start":{"line":143,"column":2},"end":{"line":148,"column":null}},"75":{"start":{"line":156,"column":12},"end":{"line":156,"column":null}},"76":{"start":{"line":158,"column":24},"end":{"line":158,"column":57}},"77":{"start":{"line":158,"column":42},"end":{"line":158,"column":56}},"78":{"start":{"line":160,"column":2},"end":{"line":178,"column":null}},"79":{"start":{"line":160,"column":17},"end":{"line":160,"column":20}},"80":{"start":{"line":162,"column":17},"end":{"line":162,"column":null}},"81":{"start":{"line":163,"column":4},"end":{"line":164,"column":null}},"82":{"start":{"line":163,"column":19},"end":{"line":163,"column":28}},"83":{"start":{"line":164,"column":6},"end":{"line":164,"column":null}},"84":{"start":{"line":164,"column":60},"end":{"line":164,"column":null}},"85":{"start":{"line":166,"column":4},"end":{"line":166,"column":null}},"86":{"start":{"line":168,"column":4},"end":{"line":171,"column":null}},"87":{"start":{"line":169,"column":6},"end":{"line":171,"column":null}},"88":{"start":{"line":175,"column":4},"end":{"line":178,"column":null}},"89":{"start":{"line":175,"column":19},"end":{"line":175,"column":28}},"90":{"start":{"line":176,"column":21},"end":{"line":176,"column":null}},"91":{"start":{"line":177,"column":6},"end":{"line":178,"column":null}},"92":{"start":{"line":177,"column":19},"end":{"line":177,"column":24}},"93":{"start":{"line":178,"column":8},"end":{"line":178,"column":null}},"94":{"start":{"line":184,"column":12},"end":{"line":184,"column":40}},"95":{"start":{"line":185,"column":2},"end":{"line":190,"column":null}},"96":{"start":{"line":185,"column":15},"end":{"line":185,"column":22}},"97":{"start":{"line":186,"column":4},"end":{"line":186,"column":null}},"98":{"start":{"line":187,"column":4},"end":{"line":188,"column":null}},"99":{"start":{"line":187,"column":17},"end":{"line":187,"column":24}},"100":{"start":{"line":188,"column":6},"end":{"line":188,"column":null}},"101":{"start":{"line":190,"column":4},"end":{"line":190,"column":null}},"102":{"start":{"line":192,"column":2},"end":{"line":192,"column":null}},"103":{"start":{"line":201,"column":12},"end":{"line":201,"column":null}},"104":{"start":{"line":202,"column":16},"end":{"line":202,"column":39}},"105":{"start":{"line":203,"column":2},"end":{"line":203,"column":null}},"106":{"start":{"line":203,"column":17},"end":{"line":203,"column":null}},"107":{"start":{"line":205,"column":16},"end":{"line":205,"column":null}},"108":{"start":{"line":206,"column":18},"end":{"line":206,"column":null}},"109":{"start":{"line":208,"column":2},"end":{"line":219,"column":null}},"110":{"start":{"line":208,"column":15},"end":{"line":208,"column":18}},"111":{"start":{"line":209,"column":4},"end":{"line":219,"column":null}},"112":{"start":{"line":210,"column":18},"end":{"line":210,"column":40}},"113":{"start":{"line":211,"column":16},"end":{"line":211,"column":null}},"114":{"start":{"line":213,"column":20},"end":{"line":213,"column":null}},"115":{"start":{"line":214,"column":6},"end":{"line":216,"column":null}},"116":{"start":{"line":215,"column":8},"end":{"line":215,"column":null}},"117":{"start":{"line":216,"column":8},"end":{"line":216,"column":null}},"118":{"start":{"line":219,"column":6},"end":{"line":219,"column":null}},"119":{"start":{"line":222,"column":2},"end":{"line":222,"column":null}},"120":{"start":{"line":230,"column":26},"end":{"line":230,"column":28}},"121":{"start":{"line":232,"column":2},"end":{"line":252,"column":null}},"122":{"start":{"line":232,"column":15},"end":{"line":232,"column":40}},"123":{"start":{"line":233,"column":14},"end":{"line":233,"column":null}},"124":{"start":{"line":234,"column":4},"end":{"line":234,"column":null}},"125":{"start":{"line":234,"column":29},"end":{"line":234,"column":null}},"126":{"start":{"line":236,"column":17},"end":{"line":236,"column":28}},"127":{"start":{"line":237,"column":17},"end":{"line":237,"column":null}},"128":{"start":{"line":238,"column":20},"end":{"line":238,"column":82}},"129":{"start":{"line":241,"column":4},"end":{"line":246,"column":null}},"130":{"start":{"line":242,"column":6},"end":{"line":242,"column":null}},"131":{"start":{"line":243,"column":15},"end":{"line":246,"column":null}},"132":{"start":{"line":244,"column":6},"end":{"line":244,"column":null}},"133":{"start":{"line":246,"column":6},"end":{"line":246,"column":null}},"134":{"start":{"line":249,"column":4},"end":{"line":252,"column":null}},"135":{"start":{"line":250,"column":6},"end":{"line":250,"column":null}},"136":{"start":{"line":252,"column":6},"end":{"line":252,"column":null}},"137":{"start":{"line":256,"column":2},"end":{"line":256,"column":null}}},"fnMap":{"0":{"name":"parseMultiCSV","decl":{"start":{"line":25,"column":16},"end":{"line":25,"column":30}},"loc":{"start":{"line":25,"column":59},"end":{"line":58,"column":null}},"line":25},"1":{"name":"(anonymous_1)","decl":{"start":{"line":26,"column":43},"end":{"line":26,"column":48}},"loc":{"start":{"line":26,"column":54},"end":{"line":26,"column":62}},"line":26},"2":{"name":"(anonymous_2)","decl":{"start":{"line":30,"column":41},"end":{"line":30,"column":49}},"loc":{"start":{"line":30,"column":55},"end":{"line":30,"column":63}},"line":30},"3":{"name":"parseCSV","decl":{"start":{"line":65,"column":16},"end":{"line":65,"column":25}},"loc":{"start":{"line":65,"column":68},"end":{"line":90,"column":null}},"line":65},"4":{"name":"(anonymous_4)","decl":{"start":{"line":69,"column":5},"end":{"line":69,"column":13}},"loc":{"start":{"line":69,"column":19},"end":{"line":69,"column":35}},"line":69},"5":{"name":"(anonymous_5)","decl":{"start":{"line":75,"column":37},"end":{"line":75,"column":42}},"loc":{"start":{"line":75,"column":48},"end":{"line":75,"column":56}},"line":75},"6":{"name":"fitPolynomial","decl":{"start":{"line":96,"column":16},"end":{"line":96,"column":null}},"loc":{"start":{"line":100,"column":20},"end":{"line":148,"column":null}},"line":100},"7":{"name":"(anonymous_7)","decl":{"start":{"line":112,"column":26},"end":{"line":112,"column":31}},"loc":{"start":{"line":113,"column":4},"end":{"line":113,"column":56}},"line":113},"8":{"name":"(anonymous_8)","decl":{"start":{"line":113,"column":28},"end":{"line":113,"column":31}},"loc":{"start":{"line":113,"column":40},"end":{"line":113,"column":55}},"line":113},"9":{"name":"(anonymous_9)","decl":{"start":{"line":117,"column":50},"end":{"line":117,"column":58}},"loc":{"start":{"line":117,"column":58},"end":{"line":117,"column":86}},"line":117},"10":{"name":"(anonymous_10)","decl":{"start":{"line":133,"column":18},"end":{"line":133,"column":26}},"loc":{"start":{"line":133,"column":35},"end":{"line":133,"column":42}},"line":133},"11":{"name":"(anonymous_11)","decl":{"start":{"line":137,"column":31},"end":{"line":137,"column":39}},"loc":{"start":{"line":137,"column":51},"end":{"line":137,"column":76}},"line":137},"12":{"name":"gaussianElimination","decl":{"start":{"line":155,"column":9},"end":{"line":155,"column":29}},"loc":{"start":{"line":155,"column":67},"end":{"line":192,"column":null}},"line":155},"13":{"name":"(anonymous_13)","decl":{"start":{"line":158,"column":26},"end":{"line":158,"column":31}},"loc":{"start":{"line":158,"column":42},"end":{"line":158,"column":56}},"line":158},"14":{"name":"findOptimalDegree","decl":{"start":{"line":200,"column":16},"end":{"line":200,"column":34}},"loc":{"start":{"line":200,"column":89},"end":{"line":222,"column":null}},"line":200},"15":{"name":"formatEquation","decl":{"start":{"line":229,"column":16},"end":{"line":229,"column":31}},"loc":{"start":{"line":229,"column":63},"end":{"line":256,"column":null}},"line":229}},"branchMap":{"0":{"loc":{"start":{"line":31,"column":4},"end":{"line":31,"column":null}},"type":"if","locations":[{"start":{"line":31,"column":4},"end":{"line":31,"column":null}},{"start":{},"end":{}}],"line":31},"1":{"loc":{"start":{"line":38,"column":6},"end":{"line":40,"column":39}},"type":"binary-expr","locations":[{"start":{"line":38,"column":6},"end":{"line":38,"column":null}},{"start":{"line":39,"column":6},"end":{"line":39,"column":39}},{"start":{"line":40,"column":6},"end":{"line":40,"column":39}}],"line":38},"2":{"loc":{"start":{"line":42,"column":6},"end":{"line":42,"column":57}},"type":"binary-expr","locations":[{"start":{"line":42,"column":6},"end":{"line":42,"column":33}},{"start":{"line":42,"column":33},"end":{"line":42,"column":57}}],"line":42},"3":{"loc":{"start":{"line":44,"column":4},"end":{"line":45,"column":null}},"type":"if","locations":[{"start":{"line":44,"column":4},"end":{"line":45,"column":null}},{"start":{},"end":{}}],"line":44},"4":{"loc":{"start":{"line":44,"column":8},"end":{"line":44,"column":52}},"type":"binary-expr","locations":[{"start":{"line":44,"column":8},"end":{"line":44,"column":35}},{"start":{"line":44,"column":35},"end":{"line":44,"column":52}}],"line":44},"5":{"loc":{"start":{"line":45,"column":13},"end":{"line":45,"column":null}},"type":"binary-expr","locations":[{"start":{"line":45,"column":13},"end":{"line":45,"column":51}},{"start":{"line":45,"column":55},"end":{"line":45,"column":null}}],"line":45},"6":{"loc":{"start":{"line":50,"column":6},"end":{"line":50,"column":null}},"type":"if","locations":[{"start":{"line":50,"column":6},"end":{"line":50,"column":null}},{"start":{},"end":{}}],"line":50},"7":{"loc":{"start":{"line":56,"column":2},"end":{"line":56,"column":null}},"type":"if","locations":[{"start":{"line":56,"column":2},"end":{"line":56,"column":null}},{"start":{},"end":{}}],"line":56},"8":{"loc":{"start":{"line":57,"column":2},"end":{"line":57,"column":null}},"type":"if","locations":[{"start":{"line":57,"column":2},"end":{"line":57,"column":null}},{"start":{},"end":{}}],"line":57},"9":{"loc":{"start":{"line":76,"column":4},"end":{"line":76,"column":null}},"type":"if","locations":[{"start":{"line":76,"column":4},"end":{"line":76,"column":null}},{"start":{},"end":{}}],"line":76},"10":{"loc":{"start":{"line":81,"column":4},"end":{"line":81,"column":null}},"type":"if","locations":[{"start":{"line":81,"column":4},"end":{"line":81,"column":null}},{"start":{},"end":{}}],"line":81},"11":{"loc":{"start":{"line":81,"column":8},"end":{"line":81,"column":34}},"type":"binary-expr","locations":[{"start":{"line":81,"column":8},"end":{"line":81,"column":19}},{"start":{"line":81,"column":23},"end":{"line":81,"column":34}}],"line":81},"12":{"loc":{"start":{"line":86,"column":2},"end":{"line":87,"column":null}},"type":"if","locations":[{"start":{"line":86,"column":2},"end":{"line":87,"column":null}},{"start":{},"end":{}}],"line":86},"13":{"loc":{"start":{"line":101,"column":2},"end":{"line":101,"column":null}},"type":"if","locations":[{"start":{"line":101,"column":2},"end":{"line":101,"column":null}},{"start":{},"end":{}}],"line":101},"14":{"loc":{"start":{"line":102,"column":2},"end":{"line":105,"column":null}},"type":"if","locations":[{"start":{"line":102,"column":2},"end":{"line":105,"column":null}},{"start":{},"end":{}}],"line":102},"15":{"loc":{"start":{"line":141,"column":13},"end":{"line":141,"column":null}},"type":"cond-expr","locations":[{"start":{"line":141,"column":27},"end":{"line":141,"column":31}},{"start":{"line":141,"column":31},"end":{"line":141,"column":null}}],"line":141},"16":{"loc":{"start":{"line":164,"column":6},"end":{"line":164,"column":null}},"type":"if","locations":[{"start":{"line":164,"column":6},"end":{"line":164,"column":null}},{"start":{},"end":{}}],"line":164},"17":{"loc":{"start":{"line":168,"column":4},"end":{"line":171,"column":null}},"type":"if","locations":[{"start":{"line":168,"column":4},"end":{"line":171,"column":null}},{"start":{},"end":{}}],"line":168},"18":{"loc":{"start":{"line":200,"column":60},"end":{"line":200,"column":89}},"type":"default-arg","locations":[{"start":{"line":200,"column":77},"end":{"line":200,"column":89}}],"line":200},"19":{"loc":{"start":{"line":203,"column":2},"end":{"line":203,"column":null}},"type":"if","locations":[{"start":{"line":203,"column":2},"end":{"line":203,"column":null}},{"start":{},"end":{}}],"line":203},"20":{"loc":{"start":{"line":214,"column":6},"end":{"line":216,"column":null}},"type":"if","locations":[{"start":{"line":214,"column":6},"end":{"line":216,"column":null}},{"start":{},"end":{}}],"line":214},"21":{"loc":{"start":{"line":234,"column":4},"end":{"line":234,"column":null}},"type":"if","locations":[{"start":{"line":234,"column":4},"end":{"line":234,"column":null}},{"start":{},"end":{}}],"line":234},"22":{"loc":{"start":{"line":237,"column":17},"end":{"line":237,"column":null}},"type":"cond-expr","locations":[{"start":{"line":237,"column":25},"end":{"line":237,"column":31}},{"start":{"line":237,"column":31},"end":{"line":237,"column":null}}],"line":237},"23":{"loc":{"start":{"line":238,"column":20},"end":{"line":238,"column":82}},"type":"cond-expr","locations":[{"start":{"line":238,"column":45},"end":{"line":238,"column":60}},{"start":{"line":238,"column":63},"end":{"line":238,"column":82}}],"line":238},"24":{"loc":{"start":{"line":241,"column":4},"end":{"line":246,"column":null}},"type":"if","locations":[{"start":{"line":241,"column":4},"end":{"line":246,"column":null}},{"start":{"line":243,"column":15},"end":{"line":246,"column":null}}],"line":241},"25":{"loc":{"start":{"line":243,"column":15},"end":{"line":246,"column":null}},"type":"if","locations":[{"start":{"line":243,"column":15},"end":{"line":246,"column":null}},{"start":{"line":245,"column":11},"end":{"line":246,"column":null}}],"line":243},"26":{"loc":{"start":{"line":244,"column":13},"end":{"line":244,"column":null}},"type":"cond-expr","locations":[{"start":{"line":244,"column":26},"end":{"line":244,"column":32}},{"start":{"line":244,"column":32},"end":{"line":244,"column":null}}],"line":244},"27":{"loc":{"start":{"line":246,"column":13},"end":{"line":246,"column":null}},"type":"cond-expr","locations":[{"start":{"line":246,"column":26},"end":{"line":246,"column":37}},{"start":{"line":246,"column":37},"end":{"line":246,"column":null}}],"line":246},"28":{"loc":{"start":{"line":249,"column":4},"end":{"line":252,"column":null}},"type":"if","locations":[{"start":{"line":249,"column":4},"end":{"line":252,"column":null}},{"start":{"line":251,"column":11},"end":{"line":252,"column":null}}],"line":249},"29":{"loc":{"start":{"line":250,"column":17},"end":{"line":250,"column":43}},"type":"cond-expr","locations":[{"start":{"line":250,"column":25},"end":{"line":250,"column":38}},{"start":{"line":250,"column":38},"end":{"line":250,"column":43}}],"line":250},"30":{"loc":{"start":{"line":256,"column":9},"end":{"line":256,"column":null}},"type":"cond-expr","locations":[{"start":{"line":256,"column":30},"end":{"line":256,"column":36}},{"start":{"line":256,"column":36},"end":{"line":256,"column":null}}],"line":256}},"s":{"0":14,"1":58,"2":14,"3":14,"4":58,"5":103,"6":58,"7":0,"8":58,"9":58,"10":58,"11":58,"12":58,"13":58,"14":29,"15":58,"16":58,"17":58,"18":55,"19":14,"20":1,"21":13,"22":13,"23":12,"24":68,"25":128,"26":68,"27":68,"28":68,"29":127,"30":221,"31":127,"32":33,"33":94,"34":94,"35":94,"36":6,"37":88,"38":88,"39":68,"40":5,"41":63,"42":37,"43":1,"44":36,"45":1,"46":35,"47":35,"48":35,"49":253,"50":1066,"51":35,"52":134,"53":35,"54":35,"55":35,"56":253,"57":253,"58":1066,"59":1066,"60":1066,"61":5652,"62":35,"63":35,"64":244,"65":35,"66":35,"67":35,"68":35,"69":244,"70":1040,"71":244,"72":244,"73":244,"74":37,"75":35,"76":35,"77":134,"78":35,"79":35,"80":132,"81":132,"82":132,"83":261,"84":149,"85":132,"86":132,"87":2,"88":130,"89":130,"90":259,"91":259,"92":259,"93":1509,"94":33,"95":33,"96":33,"97":128,"98":128,"99":128,"100":255,"101":128,"102":33,"103":8,"104":8,"105":8,"106":1,"107":7,"108":7,"109":7,"110":7,"111":26,"112":26,"113":26,"114":26,"115":26,"116":10,"117":10,"118":1,"119":7,"120":49,"121":49,"122":49,"123":166,"124":166,"125":74,"126":92,"127":92,"128":166,"129":166,"130":38,"131":54,"132":30,"133":24,"134":92,"135":46,"136":46,"137":49},"f":{"0":14,"1":58,"2":103,"3":68,"4":128,"5":221,"6":37,"7":253,"8":1066,"9":134,"10":244,"11":1040,"12":35,"13":134,"14":8,"15":49},"b":{"0":[0,58],"1":[58,29,28],"2":[58,29],"3":[29,29],"4":[58,29],"5":[29,1],"6":[55,3],"7":[1,13],"8":[1,12],"9":[33,94],"10":[6,88],"11":[94,88],"12":[5,63],"13":[1,36],"14":[1,35],"15":[2,31],"16":[149,112],"17":[2,130],"18":[8],"19":[1,7],"20":[10,16],"21":[74,92],"22":[17,75],"23":[47,45],"24":[38,54],"25":[30,24],"26":[6,24],"27":[14,10],"28":[46,46],"29":[3,43],"30":[3,46]},"meta":{"lastBranch":31,"lastFunction":16,"lastStatement":138,"seen":{"f:25:16:25:30":0,"s:26:19:26:79":0,"f:26:43:26:48":1,"s:26:54:26:62":1,"s:27:34:27:36":2,"s:29:2:51:Infinity":3,"s:30:18:30:64":4,"f:30:41:30:49":2,"s:30:55:30:63":5,"b:31:4:31:Infinity:undefined:undefined:undefined:undefined":0,"s:31:4:31:Infinity":6,"s:31:23:31:Infinity":7,"s:34:15:34:Infinity":8,"s:35:18:35:33":9,"s:36:23:36:42":10,"s:38:6:40:39":11,"b:38:6:38:Infinity:39:6:39:39:40:6:40:39":1,"s:42:6:42:57":12,"b:42:6:42:33:42:33:42:57":2,"b:44:4:45:Infinity:undefined:undefined:undefined:undefined":3,"s:44:4:45:Infinity":13,"b:44:8:44:35:44:35:44:52":4,"s:45:6:45:Infinity":14,"b:45:13:45:51:45:55:45:Infinity":5,"s:48:4:51:Infinity":15,"s:49:23:49:40":16,"b:50:6:50:Infinity:undefined:undefined:undefined:undefined":6,"s:50:6:50:Infinity":17,"s:50:24:50:Infinity":18,"b:56:2:56:Infinity:undefined:undefined:undefined:undefined":7,"s:56:2:56:Infinity":19,"s:56:23:56:Infinity":20,"b:57:2:57:Infinity:undefined:undefined:undefined:undefined":8,"s:57:2:57:Infinity":21,"s:57:27:57:Infinity":22,"s:58:2:58:Infinity":23,"f:65:16:65:25":3,"s:66:16:69:35":24,"f:69:5:69:13":4,"s:69:19:69:35":25,"s:71:22:71:24":26,"s:72:22:72:24":27,"s:74:2:83:Infinity":28,"s:75:18:75:57":29,"f:75:37:75:42":5,"s:75:48:75:56":30,"b:76:4:76:Infinity:undefined:undefined:undefined:undefined":9,"s:76:4:76:Infinity":31,"s:76:26:76:Infinity":32,"s:78:17:78:37":33,"s:79:17:79:37":34,"b:81:4:81:Infinity:undefined:undefined:undefined:undefined":10,"s:81:4:81:Infinity":35,"b:81:8:81:19:81:23:81:34":11,"s:81:36:81:Infinity":36,"s:82:4:82:Infinity":37,"s:83:4:83:Infinity":38,"b:86:2:87:Infinity:undefined:undefined:undefined:undefined":12,"s:86:2:87:Infinity":39,"s:87:4:87:Infinity":40,"s:90:2:90:Infinity":41,"f:96:16:96:Infinity":6,"b:101:2:101:Infinity:undefined:undefined:undefined:undefined":13,"s:101:2:101:Infinity":42,"s:101:29:101:Infinity":43,"b:102:2:105:Infinity:undefined:undefined:undefined:undefined":14,"s:102:2:105:Infinity":44,"s:103:4:105:Infinity":45,"s:108:12:108:Infinity":46,"s:109:12:109:Infinity":47,"s:112:24:113:Infinity":48,"f:112:26:112:31":7,"s:113:4:113:56":49,"f:113:28:113:31":8,"s:113:40:113:55":50,"s:117:26:117:87":51,"f:117:50:117:58":9,"s:117:58:117:86":52,"s:118:24:118:52":53,"s:120:2:124:Infinity":54,"s:120:15:120:18":55,"s:121:4:124:Infinity":56,"s:121:17:121:20":57,"s:122:6:122:Infinity":58,"s:123:6:124:Infinity":59,"s:123:19:123:22":60,"s:124:8:124:Infinity":61,"s:130:23:130:52":62,"s:133:16:133:Infinity":63,"f:133:18:133:26":10,"s:133:35:133:42":64,"s:134:14:134:Infinity":65,"s:135:14:135:Infinity":66,"s:136:2:139:Infinity":67,"s:136:15:136:18":68,"s:137:18:137:80":69,"f:137:31:137:39":11,"s:137:51:137:76":70,"s:138:4:138:Infinity":71,"s:139:4:139:Infinity":72,"s:141:13:141:Infinity":73,"b:141:27:141:31:141:31:141:Infinity":15,"s:143:2:148:Infinity":74,"f:155:9:155:29":12,"s:156:12:156:Infinity":75,"s:158:24:158:57":76,"f:158:26:158:31":13,"s:158:42:158:56":77,"s:160:2:178:Infinity":78,"s:160:17:160:20":79,"s:162:17:162:Infinity":80,"s:163:4:164:Infinity":81,"s:163:19:163:28":82,"b:164:6:164:Infinity:undefined:undefined:undefined:undefined":16,"s:164:6:164:Infinity":83,"s:164:60:164:Infinity":84,"s:166:4:166:Infinity":85,"b:168:4:171:Infinity:undefined:undefined:undefined:undefined":17,"s:168:4:171:Infinity":86,"s:169:6:171:Infinity":87,"s:175:4:178:Infinity":88,"s:175:19:175:28":89,"s:176:21:176:Infinity":90,"s:177:6:178:Infinity":91,"s:177:19:177:24":92,"s:178:8:178:Infinity":93,"s:184:12:184:40":94,"s:185:2:190:Infinity":95,"s:185:15:185:22":96,"s:186:4:186:Infinity":97,"s:187:4:188:Infinity":98,"s:187:17:187:24":99,"s:188:6:188:Infinity":100,"s:190:4:190:Infinity":101,"s:192:2:192:Infinity":102,"f:200:16:200:34":14,"b:200:77:200:89":18,"s:201:12:201:Infinity":103,"s:202:16:202:39":104,"b:203:2:203:Infinity:undefined:undefined:undefined:undefined":19,"s:203:2:203:Infinity":105,"s:203:17:203:Infinity":106,"s:205:16:205:Infinity":107,"s:206:18:206:Infinity":108,"s:208:2:219:Infinity":109,"s:208:15:208:18":110,"s:209:4:219:Infinity":111,"s:210:18:210:40":112,"s:211:16:211:Infinity":113,"s:213:20:213:Infinity":114,"b:214:6:216:Infinity:undefined:undefined:undefined:undefined":20,"s:214:6:216:Infinity":115,"s:215:8:215:Infinity":116,"s:216:8:216:Infinity":117,"s:219:6:219:Infinity":118,"s:222:2:222:Infinity":119,"f:229:16:229:31":15,"s:230:26:230:28":120,"s:232:2:252:Infinity":121,"s:232:15:232:40":122,"s:233:14:233:Infinity":123,"b:234:4:234:Infinity:undefined:undefined:undefined:undefined":21,"s:234:4:234:Infinity":124,"s:234:29:234:Infinity":125,"s:236:17:236:28":126,"s:237:17:237:Infinity":127,"b:237:25:237:31:237:31:237:Infinity":22,"s:238:20:238:82":128,"b:238:45:238:60:238:63:238:82":23,"b:241:4:246:Infinity:243:15:246:Infinity":24,"s:241:4:246:Infinity":129,"s:242:6:242:Infinity":130,"b:243:15:246:Infinity:245:11:246:Infinity":25,"s:243:15:246:Infinity":131,"s:244:6:244:Infinity":132,"b:244:26:244:32:244:32:244:Infinity":26,"s:246:6:246:Infinity":133,"b:246:26:246:37:246:37:246:Infinity":27,"b:249:4:252:Infinity:251:11:252:Infinity":28,"s:249:4:252:Infinity":134,"s:250:6:250:Infinity":135,"b:250:25:250:38:250:38:250:43":29,"s:252:6:252:Infinity":136,"s:256:2:256:Infinity":137,"b:256:30:256:36:256:36:256:Infinity":30}}}
}
